#
# There is insufficient memory for the Java Runtime Environment to continue.
# Native memory allocation (malloc) failed to allocate 32744 bytes for ChunkPool::allocate
# Possible reasons:
#   The system is out of physical RAM or swap space
#   In 32 bit mode, the process size limit was hit
# Possible solutions:
#   Reduce memory load on the system
#   Increase physical memory or swap space
#   Check if swap backing store is full
#   Use 64 bit Java on a 64 bit OS
#   Decrease Java heap size (-Xmx/-Xms)
#   Decrease number of Java threads
#   Decrease Java thread stack sizes (-Xss)
#   Set larger code cache with -XX:ReservedCodeCacheSize=
# This output file may be truncated or incomplete.
#
#  Out of Memory Error (allocation.cpp:273), pid=11412, tid=0x0000000000000530
#
# JRE version: OpenJDK Runtime Environment (8.0_152-b02) (build 1.8.0_152-release-1024-b02)
# Java VM: OpenJDK 64-Bit Server VM (25.152-b02 mixed mode windows-amd64 compressed oops)
# Failed to write core dump. Minidumps are not enabled by default on client versions of Windows
#

---------------  T H R E A D  ---------------

Current thread (0x0000000016cea800):  JavaThread "C1 CompilerThread2" daemon [_thread_in_native, id=1328, stack(0x0000000018520000,0x0000000018620000)]

Stack: [0x0000000018520000,0x0000000018620000]
[error occurred during error reporting (printing stack bounds), id 0xc0000005]

Native frames: (J=compiled Java code, j=interpreted, Vv=VM code, C=native code)


Current CompileTask:
C1: 111481 9496       3       org.gradle.internal.component.external.model.DefaultModuleComponentIdentifier::getDisplayName (79 bytes)


---------------  P R O C E S S  ---------------

Java Threads: ( => current thread )
  0x000000001f56c800 JavaThread "Memory manager" [_thread_blocked, id=8292, stack(0x00000000220a0000,0x00000000221a0000)]
  0x000000001f613000 JavaThread "Build operations Thread 4" [_thread_blocked, id=2960, stack(0x0000000021310000,0x0000000021410000)]
  0x000000001f615000 JavaThread "Build operations Thread 3" [_thread_blocked, id=7164, stack(0x0000000021210000,0x0000000021310000)]
  0x000000001f616000 JavaThread "Build operations Thread 2" [_thread_blocked, id=8220, stack(0x0000000021110000,0x0000000021210000)]
  0x000000001f612000 JavaThread "Build operations" [_thread_blocked, id=9964, stack(0x0000000020be0000,0x0000000020ce0000)]
  0x000000001f614800 JavaThread "Cache worker for Artifact transforms cache (C:\Users\zeph0\.gradle\caches\transforms-1)" [_thread_blocked, id=3808, stack(0x000000001f1a0000,0x000000001f2a0000)]
  0x000000001c00e800 JavaThread "Cache worker for file hash cache (C:\Users\zeph0\spaceapps_nasa\.gradle\4.6\fileHashes)" [_thread_blocked, id=7380, stack(0x000000001d940000,0x000000001da40000)]
  0x000000001bc0b000 JavaThread "File lock request listener" [_thread_in_native, id=12228, stack(0x000000001c740000,0x000000001c840000)]
  0x0000000019dc5800 JavaThread "Cache worker for file hash cache (C:\Users\zeph0\.gradle\caches\4.6\fileHashes)" [_thread_blocked, id=6740, stack(0x000000001c640000,0x000000001c740000)]
  0x0000000019d38000 JavaThread "Asynchronous log dispatcher for DefaultDaemonConnection: socket connection from /127.0.0.1:5381 to /127.0.0.1:5382" [_thread_blocked, id=9836, stack(0x000000001b270000,0x000000001b370000)]
  0x0000000019be8800 JavaThread "Daemon worker" [_thread_in_vm, id=2480, stack(0x000000001b170000,0x000000001b270000)]
  0x0000000019bdb800 JavaThread "Cancel handler" [_thread_blocked, id=6124, stack(0x000000001b070000,0x000000001b170000)]
  0x0000000019bc5800 JavaThread "Handler for socket connection from /127.0.0.1:5381 to /127.0.0.1:5382" [_thread_in_native, id=1040, stack(0x000000001ad70000,0x000000001ae70000)]
  0x0000000019bc3000 JavaThread "Daemon" [_thread_blocked, id=7188, stack(0x000000001ac70000,0x000000001ad70000)]
  0x0000000019cbb800 JavaThread "Daemon periodic checks" [_thread_blocked, id=1084, stack(0x000000001ab70000,0x000000001ac70000)]
  0x0000000019caa000 JavaThread "Incoming local TCP Connector on port 5381" [_thread_in_native, id=9732, stack(0x000000001a930000,0x000000001aa30000)]
  0x0000000016d3d000 JavaThread "Service Thread" daemon [_thread_blocked, id=4052, stack(0x0000000018a20000,0x0000000018b20000)]
=>0x0000000016cea800 JavaThread "C1 CompilerThread2" daemon [_thread_in_native, id=1328, stack(0x0000000018520000,0x0000000018620000)]
  0x0000000016cdd800 JavaThread "C2 CompilerThread1" daemon [_thread_in_native, id=2804, stack(0x0000000018420000,0x0000000018520000)]
  0x0000000016cd9800 JavaThread "C2 CompilerThread0" daemon [_thread_in_native, id=9472, stack(0x0000000018320000,0x0000000018420000)]
  0x0000000016ce7000 JavaThread "Attach Listener" daemon [_thread_blocked, id=5480, stack(0x0000000018220000,0x0000000018320000)]
  0x0000000016ce5800 JavaThread "Signal Dispatcher" daemon [_thread_blocked, id=1888, stack(0x0000000018120000,0x0000000018220000)]
  0x000000000336c000 JavaThread "Finalizer" daemon [_thread_blocked, id=6000, stack(0x0000000017f30000,0x0000000018030000)]
  0x0000000003361000 JavaThread "Reference Handler" daemon [_thread_blocked, id=12244, stack(0x0000000017e30000,0x0000000017f30000)]
  0x000000000326d800 JavaThread "main" [_thread_blocked, id=9800, stack(0x00000000030f0000,0x00000000031f0000)]

Other Threads:
  0x0000000016ca5800 VMThread [stack: 0x0000000017d30000,0x0000000017e30000] [id=2472]
  0x0000000016d3d800 WatcherThread [stack: 0x0000000018b20000,0x0000000018c20000] [id=10116]

VM state:not at safepoint (normal execution)

VM Mutex/Monitor currently owned by a thread: None

Heap:
 PSYoungGen      total 382976K, used 54575K [0x00000000e0000000, 0x00000000f8c00000, 0x0000000100000000)
  eden space 360448K, 14% used [0x00000000e0000000,0x00000000e32232a8,0x00000000f6000000)
  from space 22528K, 14% used [0x00000000f7600000,0x00000000f7928af8,0x00000000f8c00000)
  to   space 22528K, 0% used [0x00000000f6000000,0x00000000f6000000,0x00000000f7600000)
 ParOldGen       total 162304K, used 38471K [0x00000000a0000000, 0x00000000a9e80000, 0x00000000e0000000)
  object space 162304K, 23% used [0x00000000a0000000,0x00000000a2591ef8,0x00000000a9e80000)
 Metaspace       used 63390K, capacity 65180K, committed 65368K, reserved 1105920K
  class space    used 8258K, capacity 8691K, committed 8832K, reserved 1048576K

Card table byte_map: [0x0000000012730000,0x0000000012a40000] byte_map_base: 0x0000000012230000

Marking Bits: (ParMarkBitMap*) 0x0000000056184970
 Begin Bits: [0x0000000013040000, 0x0000000014840000)
 End Bits:   [0x0000000014840000, 0x0000000016040000)

Polling page: 0x0000000003020000

CodeCache: size=245760Kb used=27229Kb max_used=27229Kb free=218530Kb
 bounds [0x0000000003370000, 0x0000000004e30000, 0x0000000012370000]
 total_blobs=8772 nmethods=7944 adapters=740
 compilation: enabled

Compilation events (10 events):
Event: 111.429 Thread 0x0000000016cea800 nmethod 9490 0x0000000004e20ad0 code [0x0000000004e20c20, 0x0000000004e20d50]
Event: 111.429 Thread 0x0000000016cea800 9492       3       java.util.LinkedList::checkElementIndex (22 bytes)
Event: 111.430 Thread 0x0000000016cea800 nmethod 9492 0x0000000004e20e10 code [0x0000000004e21020, 0x0000000004e21bf8]
Event: 111.430 Thread 0x0000000016cea800 9491       3       java.util.TreeSet::<init> (10 bytes)
Event: 111.430 Thread 0x0000000016cea800 nmethod 9491 0x0000000004e221d0 code [0x0000000004e22340, 0x0000000004e225d0]
Event: 111.435 Thread 0x0000000016cea800 9494       3       java.lang.invoke.DirectMethodHandle::shouldBeInitialized (123 bytes)
Event: 111.435 Thread 0x0000000016cea800 nmethod 9494 0x0000000004e22710 code [0x0000000004e228e0, 0x0000000004e23028]
Event: 111.438 Thread 0x0000000016cea800 9495       3       java.lang.Enum::valueOf (73 bytes)
Event: 111.439 Thread 0x0000000016cea800 nmethod 9495 0x0000000004e23190 code [0x0000000004e233e0, 0x0000000004e24238]
Event: 111.441 Thread 0x0000000016cea800 9496       3       org.gradle.internal.component.external.model.DefaultModuleComponentIdentifier::getDisplayName (79 bytes)

GC Heap History (10 events):
Event: 55.883 GC heap before
{Heap before GC invocations=11 (full 2):
 PSYoungGen      total 244736K, used 244151K [0x00000000e0000000, 0x00000000f0780000, 0x0000000100000000)
  eden space 241152K, 100% used [0x00000000e0000000,0x00000000eeb80000,0x00000000eeb80000)
  from space 3584K, 83% used [0x00000000f0400000,0x00000000f06edef0,0x00000000f0780000)
  to   space 14336K, 0% used [0x00000000eeb80000,0x00000000eeb80000,0x00000000ef980000)
 ParOldGen       total 107520K, used 17029K [0x00000000a0000000, 0x00000000a6900000, 0x00000000e0000000)
  object space 107520K, 15% used [0x00000000a0000000,0x00000000a10a1788,0x00000000a6900000)
 Metaspace       used 39937K, capacity 40592K, committed 40920K, reserved 1085440K
  class space    used 5155K, capacity 5367K, committed 5376K, reserved 1048576K
Event: 55.893 GC heap after
Heap after GC invocations=11 (full 2):
 PSYoungGen      total 255488K, used 5592K [0x00000000e0000000, 0x00000000f3f80000, 0x0000000100000000)
  eden space 241152K, 0% used [0x00000000e0000000,0x00000000e0000000,0x00000000eeb80000)
  from space 14336K, 39% used [0x00000000eeb80000,0x00000000ef0f6130,0x00000000ef980000)
  to   space 13824K, 0% used [0x00000000f3200000,0x00000000f3200000,0x00000000f3f80000)
 ParOldGen       total 107520K, used 17037K [0x00000000a0000000, 0x00000000a6900000, 0x00000000e0000000)
  object space 107520K, 15% used [0x00000000a0000000,0x00000000a10a3788,0x00000000a6900000)
 Metaspace       used 39937K, capacity 40592K, committed 40920K, reserved 1085440K
  class space    used 5155K, capacity 5367K, committed 5376K, reserved 1048576K
}
Event: 59.399 GC heap before
{Heap before GC invocations=12 (full 2):
 PSYoungGen      total 255488K, used 246744K [0x00000000e0000000, 0x00000000f3f80000, 0x0000000100000000)
  eden space 241152K, 100% used [0x00000000e0000000,0x00000000eeb80000,0x00000000eeb80000)
  from space 14336K, 39% used [0x00000000eeb80000,0x00000000ef0f6130,0x00000000ef980000)
  to   space 13824K, 0% used [0x00000000f3200000,0x00000000f3200000,0x00000000f3f80000)
 ParOldGen       total 107520K, used 17037K [0x00000000a0000000, 0x00000000a6900000, 0x00000000e0000000)
  object space 107520K, 15% used [0x00000000a0000000,0x00000000a10a3788,0x00000000a6900000)
 Metaspace       used 48896K, capacity 49734K, committed 50136K, reserved 1093632K
  class space    used 6299K, capacity 6536K, committed 6656K, reserved 1048576K
Event: 59.437 GC heap after
Heap after GC invocations=12 (full 2):
 PSYoungGen      total 310272K, used 13809K [0x00000000e0000000, 0x00000000f4400000, 0x0000000100000000)
  eden space 296448K, 0% used [0x00000000e0000000,0x00000000e0000000,0x00000000f2180000)
  from space 13824K, 99% used [0x00000000f3200000,0x00000000f3f7c5c8,0x00000000f3f80000)
  to   space 16896K, 0% used [0x00000000f2180000,0x00000000f2180000,0x00000000f3200000)
 ParOldGen       total 107520K, used 20516K [0x00000000a0000000, 0x00000000a6900000, 0x00000000e0000000)
  object space 107520K, 19% used [0x00000000a0000000,0x00000000a1409058,0x00000000a6900000)
 Metaspace       used 48896K, capacity 49734K, committed 50136K, reserved 1093632K
  class space    used 6299K, capacity 6536K, committed 6656K, reserved 1048576K
}
Event: 64.005 GC heap before
{Heap before GC invocations=13 (full 2):
 PSYoungGen      total 310272K, used 210449K [0x00000000e0000000, 0x00000000f4400000, 0x0000000100000000)
  eden space 296448K, 66% used [0x00000000e0000000,0x00000000ec0081d0,0x00000000f2180000)
  from space 13824K, 99% used [0x00000000f3200000,0x00000000f3f7c5c8,0x00000000f3f80000)
  to   space 16896K, 0% used [0x00000000f2180000,0x00000000f2180000,0x00000000f3200000)
 ParOldGen       total 107520K, used 20516K [0x00000000a0000000, 0x00000000a6900000, 0x00000000e0000000)
  object space 107520K, 19% used [0x00000000a0000000,0x00000000a1409058,0x00000000a6900000)
 Metaspace       used 57653K, capacity 58898K, committed 59028K, reserved 1101824K
  class space    used 7383K, capacity 7727K, committed 7808K, reserved 1048576K
Event: 64.033 GC heap after
Heap after GC invocations=13 (full 2):
 PSYoungGen      total 313344K, used 16883K [0x00000000e0000000, 0x00000000f8c00000, 0x0000000100000000)
  eden space 296448K, 0% used [0x00000000e0000000,0x00000000e0000000,0x00000000f2180000)
  from space 16896K, 99% used [0x00000000f2180000,0x00000000f31fccb8,0x00000000f3200000)
  to   space 22528K, 0% used [0x00000000f7600000,0x00000000f7600000,0x00000000f8c00000)
 ParOldGen       total 107520K, used 28816K [0x00000000a0000000, 0x00000000a6900000, 0x00000000e0000000)
  object space 107520K, 26% used [0x00000000a0000000,0x00000000a1c24010,0x00000000a6900000)
 Metaspace       used 57653K, capacity 58898K, committed 59028K, reserved 1101824K
  class space    used 7383K, capacity 7727K, committed 7808K, reserved 1048576K
}
Event: 64.033 GC heap before
{Heap before GC invocations=14 (full 3):
 PSYoungGen      total 313344K, used 16883K [0x00000000e0000000, 0x00000000f8c00000, 0x0000000100000000)
  eden space 296448K, 0% used [0x00000000e0000000,0x00000000e0000000,0x00000000f2180000)
  from space 16896K, 99% used [0x00000000f2180000,0x00000000f31fccb8,0x00000000f3200000)
  to   space 22528K, 0% used [0x00000000f7600000,0x00000000f7600000,0x00000000f8c00000)
 ParOldGen       total 107520K, used 28816K [0x00000000a0000000, 0x00000000a6900000, 0x00000000e0000000)
  object space 107520K, 26% used [0x00000000a0000000,0x00000000a1c24010,0x00000000a6900000)
 Metaspace       used 57653K, capacity 58898K, committed 59028K, reserved 1101824K
  class space    used 7383K, capacity 7727K, committed 7808K, reserved 1048576K
Event: 64.300 GC heap after
Heap after GC invocations=14 (full 3):
 PSYoungGen      total 313344K, used 0K [0x00000000e0000000, 0x00000000f8c00000, 0x0000000100000000)
  eden space 296448K, 0% used [0x00000000e0000000,0x00000000e0000000,0x00000000f2180000)
  from space 16896K, 0% used [0x00000000f2180000,0x00000000f2180000,0x00000000f3200000)
  to   space 22528K, 0% used [0x00000000f7600000,0x00000000f7600000,0x00000000f8c00000)
 ParOldGen       total 162304K, used 38463K [0x00000000a0000000, 0x00000000a9e80000, 0x00000000e0000000)
  object space 162304K, 23% used [0x00000000a0000000,0x00000000a258fef8,0x00000000a9e80000)
 Metaspace       used 57615K, capacity 58792K, committed 59028K, reserved 1101824K
  class space    used 7371K, capacity 7713K, committed 7808K, reserved 1048576K
}
Event: 110.713 GC heap before
{Heap before GC invocations=15 (full 3):
 PSYoungGen      total 313344K, used 296448K [0x00000000e0000000, 0x00000000f8c00000, 0x0000000100000000)
  eden space 296448K, 100% used [0x00000000e0000000,0x00000000f2180000,0x00000000f2180000)
  from space 16896K, 0% used [0x00000000f2180000,0x00000000f2180000,0x00000000f3200000)
  to   space 22528K, 0% used [0x00000000f7600000,0x00000000f7600000,0x00000000f8c00000)
 ParOldGen       total 162304K, used 38463K [0x00000000a0000000, 0x00000000a9e80000, 0x00000000e0000000)
  object space 162304K, 23% used [0x00000000a0000000,0x00000000a258fef8,0x00000000a9e80000)
 Metaspace       used 59720K, capacity 61148K, committed 61272K, reserved 1101824K
  class space    used 7639K, capacity 8037K, committed 8064K, reserved 1048576K
Event: 110.720 GC heap after
Heap after GC invocations=15 (full 3):
 PSYoungGen      total 382976K, used 3234K [0x00000000e0000000, 0x00000000f8c00000, 0x0000000100000000)
  eden space 360448K, 0% used [0x00000000e0000000,0x00000000e0000000,0x00000000f6000000)
  from space 22528K, 14% used [0x00000000f7600000,0x00000000f7928af8,0x00000000f8c00000)
  to   space 22528K, 0% used [0x00000000f6000000,0x00000000f6000000,0x00000000f7600000)
 ParOldGen       total 162304K, used 38471K [0x00000000a0000000, 0x00000000a9e80000, 0x00000000e0000000)
  object space 162304K, 23% used [0x00000000a0000000,0x00000000a2591ef8,0x00000000a9e80000)
 Metaspace       used 59720K, capacity 61148K, committed 61272K, reserved 1101824K
  class space    used 7639K, capacity 8037K, committed 8064K, reserved 1048576K
}

Deoptimization events (10 events):
Event: 110.524 Thread 0x0000000019be8800 Uncommon trap: reason=class_check action=maybe_recompile pc=0x0000000004261b6c method=java.util.Spliterator.getExactSizeIfKnown()J @ 19
Event: 110.532 Thread 0x0000000019be8800 Uncommon trap: reason=range_check action=make_not_entrant pc=0x0000000004a314d8 method=java.lang.String.charAt(I)C @ 27
Event: 110.647 Thread 0x0000000019be8800 Uncommon trap: reason=array_check action=maybe_recompile pc=0x0000000004a1bef4 method=java.util.ComparableTimSort.binarySort([Ljava/lang/Object;III)V @ 183
Event: 110.971 Thread 0x0000000019be8800 Uncommon trap: reason=class_check action=maybe_recompile pc=0x0000000003efb34c method=java.util.stream.AbstractPipeline.<init>(Ljava/util/stream/AbstractPipeline;I)V @ 66
Event: 111.065 Thread 0x0000000019be8800 Uncommon trap: reason=class_check action=maybe_recompile pc=0x0000000003efb34c method=java.util.stream.AbstractPipeline.<init>(Ljava/util/stream/AbstractPipeline;I)V @ 66
Event: 111.069 Thread 0x0000000019be8800 Uncommon trap: reason=class_check action=maybe_recompile pc=0x0000000003efb34c method=java.util.stream.AbstractPipeline.<init>(Ljava/util/stream/AbstractPipeline;I)V @ 66
Event: 111.080 Thread 0x0000000019be8800 Uncommon trap: reason=class_check action=maybe_recompile pc=0x0000000003efb34c method=java.util.stream.AbstractPipeline.<init>(Ljava/util/stream/AbstractPipeline;I)V @ 66
Event: 111.293 Thread 0x0000000019be8800 Uncommon trap: reason=unstable_if action=reinterpret pc=0x00000000049998e4 method=java.util.TreeMap.put(Ljava/lang/Object;Ljava/lang/Object;)Ljava/lang/Object; @ 163
Event: 111.303 Thread 0x0000000019be8800 Uncommon trap: reason=unstable_if action=reinterpret pc=0x0000000004ded498 method=org.gradle.api.internal.project.taskfactory.DefaultTaskClassInfoStore.createTaskAction(Ljava/lang/Class;Ljava/lang/reflect/Method;Ljava/util/Map;)Lorg/gradle/api/internal/pr
Event: 111.398 Thread 0x0000000019be8800 Uncommon trap: reason=array_check action=maybe_recompile pc=0x0000000004a1bef4 method=java.util.ComparableTimSort.binarySort([Ljava/lang/Object;III)V @ 183

Classes redefined (0 events):
No events

Internal exceptions (10 events):
Event: 110.649 Thread 0x0000000019be8800 Exception <a 'java/lang/ClassNotFoundException': org/gradle/api/plugins/BasePluginConventionCustomizer> (0x00000000f1f22420) thrown at [D:\src\AOSP-openjdk-cygwin\jdk8u\hotspot\src\share\vm\classfile\systemDictionary.cpp, line 210]
Event: 111.168 Thread 0x0000000019be8800 Exception <a 'java/lang/NoSuchMethodError': java.lang.Object.lambda$static$0(Ljava/util/Set;Ljava/util/Set;)Z> (0x00000000e1a95c08) thrown at [D:\src\AOSP-openjdk-cygwin\jdk8u\hotspot\src\share\vm\interpreter\linkResolver.cpp, line 584]
Event: 111.168 Thread 0x0000000019be8800 Exception <a 'java/lang/NoSuchMethodError': java.lang.Object.lambda$static$1(Ljava/util/Set;Ljava/util/Set;)Z> (0x00000000e1a987a8) thrown at [D:\src\AOSP-openjdk-cygwin\jdk8u\hotspot\src\share\vm\interpreter\linkResolver.cpp, line 584]
Event: 111.169 Thread 0x0000000019be8800 Exception <a 'java/lang/NoSuchMethodError': java.lang.Object.lambda$static$2(Ljava/util/Set;Ljava/util/Set;)Z> (0x00000000e1a9af18) thrown at [D:\src\AOSP-openjdk-cygwin\jdk8u\hotspot\src\share\vm\interpreter\linkResolver.cpp, line 584]
Event: 111.400 Thread 0x0000000019be8800 Exception <a 'java/lang/ClassNotFoundException': com/android/build/gradle/internal/api/ApkVariantOutputImpl_DecoratedBeanInfo> (0x00000000e2b457b0) thrown at [D:\src\AOSP-openjdk-cygwin\jdk8u\hotspot\src\share\vm\classfile\systemDictionary.cpp, line 210]
Event: 111.400 Thread 0x0000000019be8800 Exception <a 'java/lang/ClassNotFoundException': com/android/build/gradle/internal/api/ApkVariantOutputImplBeanInfo> (0x00000000e2b5dc10) thrown at [D:\src\AOSP-openjdk-cygwin\jdk8u\hotspot\src\share\vm\classfile\systemDictionary.cpp, line 210]
Event: 111.400 Thread 0x0000000019be8800 Exception <a 'java/lang/ClassNotFoundException': com/android/build/gradle/internal/api/BaseVariantOutputImplBeanInfo> (0x00000000e2b76ed8) thrown at [D:\src\AOSP-openjdk-cygwin\jdk8u\hotspot\src\share\vm\classfile\systemDictionary.cpp, line 210]
Event: 111.401 Thread 0x0000000019be8800 Exception <a 'java/lang/ClassNotFoundException': com/android/build/gradle/internal/api/BaseVariantOutputImplCustomizer> (0x00000000e2b906a0) thrown at [D:\src\AOSP-openjdk-cygwin\jdk8u\hotspot\src\share\vm\classfile\systemDictionary.cpp, line 210]
Event: 111.402 Thread 0x0000000019be8800 Exception <a 'java/lang/ClassNotFoundException': com/android/build/gradle/internal/api/ApkVariantOutputImplCustomizer> (0x00000000e2bc57d8) thrown at [D:\src\AOSP-openjdk-cygwin\jdk8u\hotspot\src\share\vm\classfile\systemDictionary.cpp, line 210]
Event: 111.406 Thread 0x0000000019be8800 Exception <a 'java/lang/ClassNotFoundException': com/android/build/gradle/internal/api/ApkVariantOutputImpl_DecoratedCustomizer> (0x00000000e2bf2138) thrown at [D:\src\AOSP-openjdk-cygwin\jdk8u\hotspot\src\share\vm\classfile\systemDictionary.cpp, line 210

Events (10 events):
Event: 111.437 loading class com/google/wireless/android/sdk/stats/GradleBuildProject$GradlePlugin$1
Event: 111.437 loading class com/google/wireless/android/sdk/stats/GradleBuildProject$GradlePlugin$1 done
Event: 111.439 loading class com/android/build/gradle/internal/utils/GradlePluginUtils$enforceMinimumVersionsOfPlugins$1$1
Event: 111.439 loading class com/android/build/gradle/internal/utils/GradlePluginUtils$enforceMinimumVersionsOfPlugins$1$1 done
Event: 111.440 loading class org/gradle/api/initialization/dsl/ScriptHandler
Event: 111.440 loading class org/gradle/api/initialization/dsl/ScriptHandler done
Event: 111.440 loading class org/gradle/api/artifacts/ResolvedConfiguration
Event: 111.440 loading class org/gradle/api/artifacts/ResolvedConfiguration done
Event: 111.440 loading class org/gradle/api/internal/artifacts/ivyservice/ArtifactCollectingVisitor
Event: 111.440 loading class org/gradle/api/internal/artifacts/ivyservice/ArtifactCollectingVisitor done


Dynamic libraries:
0x00007ff75bf00000 - 0x00007ff75bf31000 	C:\Program Files\Android\Android Studio\jre\bin\java.exe
0x00007ff84e980000 - 0x00007ff84eb61000 	C:\WINDOWS\SYSTEM32\ntdll.dll
0x00007ff84c100000 - 0x00007ff84c1b2000 	C:\WINDOWS\System32\KERNEL32.DLL
0x00007ff84aea0000 - 0x00007ff84b113000 	C:\WINDOWS\System32\KERNELBASE.dll
0x00007ff84bfc0000 - 0x00007ff84c061000 	C:\WINDOWS\System32\ADVAPI32.dll
0x00007ff84e3b0000 - 0x00007ff84e44e000 	C:\WINDOWS\System32\msvcrt.dll
0x00007ff84e120000 - 0x00007ff84e17b000 	C:\WINDOWS\System32\sechost.dll
0x00007ff84e280000 - 0x00007ff84e3a4000 	C:\WINDOWS\System32\RPCRT4.dll
0x00007ff84e660000 - 0x00007ff84e7f0000 	C:\WINDOWS\System32\USER32.dll
0x00007ff84add0000 - 0x00007ff84adf0000 	C:\WINDOWS\System32\win32u.dll
0x00007ff84e450000 - 0x00007ff84e478000 	C:\WINDOWS\System32\GDI32.dll
0x00007ff84b470000 - 0x00007ff84b602000 	C:\WINDOWS\System32\gdi32full.dll
0x00007ff84bd20000 - 0x00007ff84bdbf000 	C:\WINDOWS\System32\msvcp_win.dll
0x00007ff84b310000 - 0x00007ff84b40a000 	C:\WINDOWS\System32\ucrtbase.dll
0x00007ff83a1e0000 - 0x00007ff83a449000 	C:\WINDOWS\WinSxS\amd64_microsoft.windows.common-controls_6595b64144ccf1df_6.0.17134.345_none_fb429a5930656358\COMCTL32.dll
0x00007ff84ddf0000 - 0x00007ff84e113000 	C:\WINDOWS\System32\combase.dll
0x00007ff84ad50000 - 0x00007ff84adca000 	C:\WINDOWS\System32\bcryptPrimitives.dll
0x00007ff84c0d0000 - 0x00007ff84c0fd000 	C:\WINDOWS\System32\IMM32.DLL
0x0000000055800000 - 0x00000000558d2000 	C:\Program Files\Android\Android Studio\jre\jre\bin\msvcr100.dll
0x00000000559c0000 - 0x00000000561ff000 	C:\Program Files\Android\Android Studio\jre\jre\bin\server\jvm.dll
0x00007ff84c9a0000 - 0x00007ff84c9a8000 	C:\WINDOWS\System32\PSAPI.DLL
0x00007ff8403c0000 - 0x00007ff8403ca000 	C:\WINDOWS\SYSTEM32\VERSION.dll
0x00007ff8366f0000 - 0x00007ff8366f9000 	C:\WINDOWS\SYSTEM32\WSOCK32.dll
0x00007ff846e80000 - 0x00007ff846ea3000 	C:\WINDOWS\SYSTEM32\WINMM.dll
0x00007ff84c6a0000 - 0x00007ff84c70c000 	C:\WINDOWS\System32\WS2_32.dll
0x00007ff846e50000 - 0x00007ff846e7a000 	C:\WINDOWS\SYSTEM32\winmmbase.dll
0x00007ff84bdc0000 - 0x00007ff84be09000 	C:\WINDOWS\System32\cfgmgr32.dll
0x00007ff840730000 - 0x00007ff84073f000 	C:\Program Files\Android\Android Studio\jre\jre\bin\verify.dll
0x00007ff83edc0000 - 0x00007ff83ede9000 	C:\Program Files\Android\Android Studio\jre\jre\bin\java.dll
0x00007ff83c120000 - 0x00007ff83c136000 	C:\Program Files\Android\Android Studio\jre\jre\bin\zip.dll
0x00007ff84c9b0000 - 0x00007ff84ddef000 	C:\WINDOWS\System32\SHELL32.dll
0x00007ff84e4e0000 - 0x00007ff84e589000 	C:\WINDOWS\System32\shcore.dll
0x00007ff84b610000 - 0x00007ff84bd1d000 	C:\WINDOWS\System32\windows.storage.dll
0x00007ff84e480000 - 0x00007ff84e4d1000 	C:\WINDOWS\System32\shlwapi.dll
0x00007ff84ad30000 - 0x00007ff84ad41000 	C:\WINDOWS\System32\kernel.appcore.dll
0x00007ff84ad10000 - 0x00007ff84ad2f000 	C:\WINDOWS\System32\profapi.dll
0x00007ff84acb0000 - 0x00007ff84acfc000 	C:\WINDOWS\System32\powrprof.dll
0x00007ff84ad00000 - 0x00007ff84ad0a000 	C:\WINDOWS\System32\FLTLIB.DLL
0x00007ff8389b0000 - 0x00007ff8389ca000 	C:\Program Files\Android\Android Studio\jre\jre\bin\net.dll
0x00007ff84a510000 - 0x00007ff84a576000 	C:\WINDOWS\system32\mswsock.dll
0x00007ff838990000 - 0x00007ff8389a1000 	C:\Program Files\Android\Android Studio\jre\jre\bin\nio.dll
0x00007ff838a30000 - 0x00007ff838a4e000 	C:\Users\zeph0\.gradle\native\25\windows-amd64\native-platform.dll
0x00007ff840720000 - 0x00007ff84072d000 	C:\Program Files\Android\Android Studio\jre\jre\bin\management.dll
0x00007ff84a6c0000 - 0x00007ff84a6d7000 	C:\WINDOWS\SYSTEM32\CRYPTSP.dll
0x00007ff84a0f0000 - 0x00007ff84a123000 	C:\WINDOWS\system32\rsaenh.dll
0x00007ff84a7f0000 - 0x00007ff84a815000 	C:\WINDOWS\SYSTEM32\bcrypt.dll
0x00007ff84abc0000 - 0x00007ff84abe8000 	C:\WINDOWS\SYSTEM32\USERENV.dll
0x00007ff84a6e0000 - 0x00007ff84a6eb000 	C:\WINDOWS\SYSTEM32\CRYPTBASE.dll
0x00007ff84a290000 - 0x00007ff84a2c8000 	C:\WINDOWS\SYSTEM32\IPHLPAPI.DLL
0x00007ff84be30000 - 0x00007ff84be38000 	C:\WINDOWS\System32\NSI.dll
0x00007ff83e320000 - 0x00007ff83e336000 	C:\WINDOWS\SYSTEM32\dhcpcsvc6.DLL
0x00007ff83f010000 - 0x00007ff83f02a000 	C:\WINDOWS\SYSTEM32\dhcpcsvc.DLL
0x00007ff838310000 - 0x00007ff838334000 	C:\Program Files\Android\Android Studio\jre\jre\bin\sunec.dll
0x00007ff84a2e0000 - 0x00007ff84a39e000 	C:\WINDOWS\SYSTEM32\DNSAPI.dll
0x00007ff8389d0000 - 0x00007ff8389da000 	C:\Windows\System32\rasadhlp.dll
0x00007ff83a970000 - 0x00007ff83a9e2000 	C:\WINDOWS\System32\fwpuclnt.dll
0x00007ff840300000 - 0x00007ff84030b000 	C:\Program Files\Android\Android Studio\jre\jre\bin\sunmscapi.dll
0x00007ff84b120000 - 0x00007ff84b302000 	C:\WINDOWS\System32\CRYPT32.dll
0x00007ff84ac90000 - 0x00007ff84aca2000 	C:\WINDOWS\System32\MSASN1.dll

VM Arguments:
jvm_args: -Xmx1536m -Dfile.encoding=windows-1252 -Duser.country=CA -Duser.language=en -Duser.variant 
java_command: org.gradle.launcher.daemon.bootstrap.GradleDaemon 4.6
java_class_path (initial): C:\Users\zeph0\.gradle\wrapper\dists\gradle-4.6-all\bcst21l2brirad8k2ben1letg\gradle-4.6\lib\gradle-launcher-4.6.jar
Launcher Type: SUN_STANDARD

Environment Variables:
PATH=C:\Program Files (x86)\Common Files\Oracle\Java\javapath;C:\Program Files (x86)\Intel\iCLS Client\;C:\Program Files\Intel\iCLS Client\;C:\windows\system32;C:\windows;C:\windows\System32\Wbem;C:\windows\System32\WindowsPowerShell\v1.0\;C:\Program Files (x86)\Intel\Intel(R) Management Engine Components\DAL;C:\Program Files\Intel\Intel(R) Management Engine Components\DAL;C:\Program Files (x86)\Intel\Intel(R) Management Engine Components\IPT;C:\Program Files\Intel\Intel(R) Management Engine Components\IPT;C:\Program Files (x86)\NVIDIA Corporation\PhysX\Common;C:\WINDOWS\system32;C:\WINDOWS;C:\WINDOWS\System32\Wbem;C:\WINDOWS\System32\WindowsPowerShell\v1.0\;C:\Program Files\Git\cmd;C:\Program Files (x86)\IVI Foundation\VISA\WinNT\Bin;C:\WINDOWS\System32\OpenSSH\;C:\Program Files\dotnet\;C:\Users\zeph0\AppData\Local\Microsoft\WindowsApps;C:\Users\zeph0\AppData\Local\GitHubDesktop\bin
USERNAME=zeph0
OS=Windows_NT
PROCESSOR_IDENTIFIER=Intel64 Family 6 Model 142 Stepping 9, GenuineIntel



---------------  S Y S T E M  ---------------

OS: Windows 10.0 , 64 bit Build 17134 (10.0.17134.1)

CPU:total 4 (initial active 4) (2 cores per cpu, 2 threads per core) family 6 model 142 stepping 9, cmov, cx8, fxsr, mmx, sse, sse2, sse3, ssse3, sse4.1, sse4.2, popcnt, avx, avx2, aes, clmul, erms, 3dnowpref, lzcnt, ht, tsc, tscinvbit, bmi1, bmi2, adx

Memory: 4k page, physical 12465380k(2376468k free), swap 12465380k(4112k free)

vm_info: OpenJDK 64-Bit Server VM (25.152-b02) for windows-amd64 JRE (1.8.0_152-release-1024-b02), built by "builder" with MS VC++ 10.0 (VS2010)

time: Sat Oct 20 10:59:09 2018
elapsed time: 111 seconds (0d 0h 1m 51s)

